
> web@0.1.0 build
> next build

Ôû▓ Next.js 16.1.6 (Turbopack)
- Environments: .env.local
- Experiments (use with caution):
  ┬À serverActions

ÔÜá The "middleware" file convention is deprecated. Please use "proxy" instead. Learn more: https://nextjs.org/docs/messages/middleware-to-proxy
  Creating an optimized production build ...
Ô£ô Compiled successfully in 4.2s
  Running TypeScript ...
  Collecting page data using 23 workers ...
  Generating static pages using 23 workers (0/15) ...
  Generating static pages using 23 workers (3/15) 
  Generating static pages using 23 workers (7/15) 
  Generating static pages using 23 workers (11/15) 
Ô£ô Generating static pages using 23 workers (15/15) in 661.2ms
  Finalizing page optimization ...

Route (app)
Ôöî Ôùï /
Ôö£ Ôùï /_not-found
Ôö£ ãÆ /api/google/callback
Ôö£ ãÆ /api/google/connect
Ôö£ ãÆ /api/photos
Ôö£ ãÆ /auth/callback
Ôö£ ãÆ /auth/signout
Ôö£ ãÆ /families
Ôö£ ãÆ /invite/[token]
Ôö£ ãÆ /login
Ôö£ ãÆ /onboarding
Ôö£ ãÆ /photos
Ôö£ ãÆ /profile
Ôö£ ãÆ /timeline
Ôöö ãÆ /tree


ãÆ Proxy (Middleware)

Ôùï  (Static)   prerendered as static content
ãÆ  (Dynamic)  server-rendered on demand

